<?xml version="1.0" encoding="UTF-8"?>
<!-- Generated by org.testng.reporters.JUnitReportReporter -->
<testsuite hostname="ayaansh" failures="0" tests="1" name="Demo.demo" time="7.152" errors="0" timestamp="2024-04-06T18:49:04 IST" skipped="0">
  <testcase classname="Demo.demo" name="test" time="7.152"/>
</testsuite> <!-- Demo.demo -->
